2026-01-09 15:22:34,328 INFO [remote_connection.py(__init__:116)] - Could not connect to port 4444 on host 10.10.10.38
2026-01-09 15:22:34,343 INFO [remote_connection.py(__init__:135)] - Could not get IP address for host: 10.10.10.38
2026-01-09 15:22:36,366 WARNING [connectionpool.py(urlopen:780)] - Retrying (Retry(total=2, connect=None, read=None, redirect=None, status=None)) after connection broken by 'NewConnectionError('<urllib3.connection.HTTPConnection object at 0x0000022416352220>: Failed to establish a new connection: [WinError 10061] 由于目标计算机积极拒绝，无法连接。')': /wd/hub/session
2026-01-09 15:22:38,397 WARNING [connectionpool.py(urlopen:780)] - Retrying (Retry(total=1, connect=None, read=None, redirect=None, status=None)) after connection broken by 'NewConnectionError('<urllib3.connection.HTTPConnection object at 0x00000224163523A0>: Failed to establish a new connection: [WinError 10061] 由于目标计算机积极拒绝，无法连接。')': /wd/hub/session
2026-01-09 15:22:40,423 WARNING [connectionpool.py(urlopen:780)] - Retrying (Retry(total=0, connect=None, read=None, redirect=None, status=None)) after connection broken by 'NewConnectionError('<urllib3.connection.HTTPConnection object at 0x00000224163524C0>: Failed to establish a new connection: [WinError 10061] 由于目标计算机积极拒绝，无法连接。')': /wd/hub/session
2026-01-09 15:22:43,976 INFO [remote_connection.py(__init__:116)] - Could not connect to port 4444 on host 10.10.10.38
2026-01-09 15:22:43,976 INFO [remote_connection.py(__init__:135)] - Could not get IP address for host: 10.10.10.38
2026-01-09 15:22:46,016 WARNING [connectionpool.py(urlopen:780)] - Retrying (Retry(total=2, connect=None, read=None, redirect=None, status=None)) after connection broken by 'NewConnectionError('<urllib3.connection.HTTPConnection object at 0x00000224168D1970>: Failed to establish a new connection: [WinError 10061] 由于目标计算机积极拒绝，无法连接。')': /wd/hub/session
2026-01-09 15:22:48,041 WARNING [connectionpool.py(urlopen:780)] - Retrying (Retry(total=1, connect=None, read=None, redirect=None, status=None)) after connection broken by 'NewConnectionError('<urllib3.connection.HTTPConnection object at 0x00000224168D1910>: Failed to establish a new connection: [WinError 10061] 由于目标计算机积极拒绝，无法连接。')': /wd/hub/session
2026-01-09 15:22:50,069 WARNING [connectionpool.py(urlopen:780)] - Retrying (Retry(total=0, connect=None, read=None, redirect=None, status=None)) after connection broken by 'NewConnectionError('<urllib3.connection.HTTPConnection object at 0x00000224168D1BB0>: Failed to establish a new connection: [WinError 10061] 由于目标计算机积极拒绝，无法连接。')': /wd/hub/session
2026-01-09 15:22:53,253 INFO [remote_connection.py(__init__:116)] - Could not connect to port 4444 on host 10.10.10.38
2026-01-09 15:22:53,253 INFO [remote_connection.py(__init__:135)] - Could not get IP address for host: 10.10.10.38
2026-01-09 15:27:44,180 INFO [remote_connection.py(__init__:116)] - Could not connect to port 4444 on host 10.10.10.38
2026-01-09 15:27:44,180 INFO [remote_connection.py(__init__:135)] - Could not get IP address for host: 10.10.10.38
2026-01-09 15:27:46,229 WARNING [connectionpool.py(urlopen:780)] - Retrying (Retry(total=2, connect=None, read=None, redirect=None, status=None)) after connection broken by 'NewConnectionError('<urllib3.connection.HTTPConnection object at 0x000001F1FEE804C0>: Failed to establish a new connection: [WinError 10061] 由于目标计算机积极拒绝，无法连接。')': /wd/hub/session
2026-01-09 15:27:48,280 WARNING [connectionpool.py(urlopen:780)] - Retrying (Retry(total=1, connect=None, read=None, redirect=None, status=None)) after connection broken by 'NewConnectionError('<urllib3.connection.HTTPConnection object at 0x000001F1FEE80640>: Failed to establish a new connection: [WinError 10061] 由于目标计算机积极拒绝，无法连接。')': /wd/hub/session
2026-01-09 15:27:50,328 WARNING [connectionpool.py(urlopen:780)] - Retrying (Retry(total=0, connect=None, read=None, redirect=None, status=None)) after connection broken by 'NewConnectionError('<urllib3.connection.HTTPConnection object at 0x000001F1FEE807C0>: Failed to establish a new connection: [WinError 10061] 由于目标计算机积极拒绝，无法连接。')': /wd/hub/session
2026-01-09 15:27:52,682 INFO [base.py(__init__:27)] - 正在初始化driver:<selenium.webdriver.chrome.webdriver.WebDriver (session="d9f3371a99179db0d36772e9c6236958")>
2026-01-09 15:27:52,683 INFO [page_center_login.py(page_login_createuser:85)] - 新增用户测试用例开始：
正在调用智维中台的登录业务，用户名：songyoukang，密码：qwer@1212
2026-01-09 15:27:52,683 INFO [base.py(input_element:39)] - 正在对:('xpath', "//*[@id='app']/div[1]/form/div[2]/div/div/input")元素输入框执行清空操作
2026-01-09 15:27:52,683 INFO [base.py(find_element:31)] - 正在查找元素：('xpath', "//*[@id='app']/div[1]/form/div[2]/div/div/input")
2026-01-09 15:27:52,728 INFO [base.py(__init__:27)] - 正在初始化driver:<selenium.webdriver.chrome.webdriver.WebDriver (session="d9f3371a99179db0d36772e9c6236958")>
2026-01-09 15:27:52,728 INFO [page_center_login.py(page_login_updateuser:93)] - 修改用户测试用例开始：
正在调用智维中台的登录业务，用户名：zxsautotest，密码：qwer@1212
2026-01-09 15:27:52,728 INFO [base.py(input_element:39)] - 正在对:('xpath', "//*[@id='app']/div[1]/form/div[2]/div/div/input")元素输入框执行清空操作
2026-01-09 15:27:52,729 INFO [base.py(find_element:31)] - 正在查找元素：('xpath', "//*[@id='app']/div[1]/form/div[2]/div/div/input")
2026-01-09 15:27:52,803 INFO [base.py(__init__:27)] - 正在初始化driver:<selenium.webdriver.chrome.webdriver.WebDriver (session="d9f3371a99179db0d36772e9c6236958")>
2026-01-09 15:27:52,803 INFO [page_center_login.py(page_login_deleteuser:101)] - 删除用户测试用例开始：
正在调用智维中台的登录业务，用户名：songyoukang，密码：qwer@1212
2026-01-09 15:27:52,803 INFO [base.py(input_element:39)] - 正在对:('xpath', "//*[@id='app']/div[1]/form/div[2]/div/div/input")元素输入框执行清空操作
2026-01-09 15:27:52,804 INFO [base.py(find_element:31)] - 正在查找元素：('xpath', "//*[@id='app']/div[1]/form/div[2]/div/div/input")
2026-01-09 15:27:52,860 INFO [base.py(__init__:27)] - 正在初始化driver:<selenium.webdriver.chrome.webdriver.WebDriver (session="d9f3371a99179db0d36772e9c6236958")>
2026-01-09 15:27:52,860 INFO [page_center_login.py(page_login_createrole:110)] - 新增角色测试用例开始：
正在调用智维中台的登录业务，用户名：songyoukang，密码：qwer@1212
2026-01-09 15:27:52,860 INFO [base.py(input_element:39)] - 正在对:('xpath', "//*[@id='app']/div[1]/form/div[2]/div/div/input")元素输入框执行清空操作
2026-01-09 15:27:52,860 INFO [base.py(find_element:31)] - 正在查找元素：('xpath', "//*[@id='app']/div[1]/form/div[2]/div/div/input")
2026-01-09 15:27:52,897 INFO [base.py(__init__:27)] - 正在初始化driver:<selenium.webdriver.chrome.webdriver.WebDriver (session="d9f3371a99179db0d36772e9c6236958")>
2026-01-09 15:27:52,897 INFO [page_center_login.py(page_login_updaterole:119)] - 修改角色测试用例开始：
正在调用智维中台的登录业务，用户名：songyoukang，密码：qwer@1212
2026-01-09 15:27:52,897 INFO [base.py(input_element:39)] - 正在对:('xpath', "//*[@id='app']/div[1]/form/div[2]/div/div/input")元素输入框执行清空操作
2026-01-09 15:27:52,898 INFO [base.py(find_element:31)] - 正在查找元素：('xpath', "//*[@id='app']/div[1]/form/div[2]/div/div/input")
2026-01-09 15:27:52,932 INFO [base.py(__init__:27)] - 正在初始化driver:<selenium.webdriver.chrome.webdriver.WebDriver (session="d9f3371a99179db0d36772e9c6236958")>
2026-01-09 15:27:52,932 INFO [page_center_login.py(page_login_deleterole:128)] - 删除角色测试用例开始：
正在调用智维中台的登录业务，用户名：songyoukang，密码：qwer@1212
2026-01-09 15:27:52,933 INFO [base.py(input_element:39)] - 正在对:('xpath', "//*[@id='app']/div[1]/form/div[2]/div/div/input")元素输入框执行清空操作
2026-01-09 15:27:52,933 INFO [base.py(find_element:31)] - 正在查找元素：('xpath', "//*[@id='app']/div[1]/form/div[2]/div/div/input")
2026-01-09 15:27:52,970 INFO [base.py(__init__:27)] - 正在初始化driver:<selenium.webdriver.chrome.webdriver.WebDriver (session="d9f3371a99179db0d36772e9c6236958")>
2026-01-09 15:27:52,970 INFO [page_center_login.py(page_login_createdept:137)] - 新增部门测试用例开始：
正在调用智维中台的登录业务，用户名：songyoukang，密码：qwer@1212
2026-01-09 15:27:52,970 INFO [base.py(input_element:39)] - 正在对:('xpath', "//*[@id='app']/div[1]/form/div[2]/div/div/input")元素输入框执行清空操作
2026-01-09 15:27:52,970 INFO [base.py(find_element:31)] - 正在查找元素：('xpath', "//*[@id='app']/div[1]/form/div[2]/div/div/input")
2026-01-09 15:27:53,008 INFO [base.py(__init__:27)] - 正在初始化driver:<selenium.webdriver.chrome.webdriver.WebDriver (session="d9f3371a99179db0d36772e9c6236958")>
2026-01-09 15:27:53,009 INFO [page_center_login.py(page_login_updatedept:146)] - 修改部门测试用例开始：
正在调用智维中台的登录业务，用户名：songyoukang，密码：qwer@1212
2026-01-09 15:27:53,009 INFO [base.py(input_element:39)] - 正在对:('xpath', "//*[@id='app']/div[1]/form/div[2]/div/div/input")元素输入框执行清空操作
2026-01-09 15:27:53,009 INFO [base.py(find_element:31)] - 正在查找元素：('xpath', "//*[@id='app']/div[1]/form/div[2]/div/div/input")
2026-01-09 15:27:53,055 INFO [base.py(__init__:27)] - 正在初始化driver:<selenium.webdriver.chrome.webdriver.WebDriver (session="d9f3371a99179db0d36772e9c6236958")>
2026-01-09 15:27:53,055 INFO [page_center_login.py(page_login_deletedept:155)] - 删除部门测试用例开始：
正在调用智维中台的登录业务，用户名：songyoukang，密码：qwer@1212
2026-01-09 15:27:53,055 INFO [base.py(input_element:39)] - 正在对:('xpath', "//*[@id='app']/div[1]/form/div[2]/div/div/input")元素输入框执行清空操作
2026-01-09 15:27:53,055 INFO [base.py(find_element:31)] - 正在查找元素：('xpath', "//*[@id='app']/div[1]/form/div[2]/div/div/input")
2026-01-09 15:28:20,958 INFO [base.py(__init__:27)] - 正在初始化driver:<selenium.webdriver.chrome.webdriver.WebDriver (session="d3daa32d8959445e368804d552c73691")>
2026-01-09 15:28:20,959 INFO [page_center_login.py(page_center_login:75)] - 正在调用智维中台的登录业务，用户名：admin，密码：.*Zxs@@2099.*
2026-01-09 15:28:20,959 INFO [page_center_login.py(page_center_login:77)] - ========== 首次登录：输入账号密码 ==========
2026-01-09 15:28:20,959 INFO [base.py(input_element:39)] - 正在对:('xpath', "//*[@id='app']/div[1]/form/div[2]/div/div/input")元素输入框执行清空操作
2026-01-09 15:28:20,959 INFO [base.py(find_element:31)] - 正在查找元素：('xpath', "//*[@id='app']/div[1]/form/div[2]/div/div/input")
2026-01-09 15:28:21,361 INFO [base.py(input_element:42)] - 正在对：('xpath', "//*[@id='app']/div[1]/form/div[2]/div/div/input")元素执行输入：admin操作
2026-01-09 15:28:21,421 INFO [base.py(input_element:39)] - 正在对:('xpath', "//*[@id='app']/div[1]/form/div[3]/div/div/input")元素输入框执行清空操作
2026-01-09 15:28:21,421 INFO [base.py(find_element:31)] - 正在查找元素：('xpath', "//*[@id='app']/div[1]/form/div[3]/div/div/input")
2026-01-09 15:28:21,451 INFO [base.py(input_element:42)] - 正在对：('xpath', "//*[@id='app']/div[1]/form/div[3]/div/div/input")元素执行输入：.*Zxs@@2099.*操作
2026-01-09 15:28:21,523 INFO [base.py(click_element:35)] - 正在对元素：('xpath', '//*[@id="app"]/div[1]/form/div[4]')执行点击操作
2026-01-09 15:28:21,523 INFO [base.py(find_element:31)] - 正在查找元素：('xpath', '//*[@id="app"]/div[1]/form/div[4]')
2026-01-09 15:28:21,612 INFO [page_center_login.py(_retry_captcha_until_login_success:53)] - 
========== 验证码重试：第 1 次 ==========
2026-01-09 15:28:21,612 INFO [base.py(handle_captcha:90)] - 正在处理验证码,获取到验证码画布数据
2026-01-09 15:28:22,150 INFO [base.py(handle_captcha:121)] - 正在计算滑块位置数据
2026-01-09 15:28:22,150 INFO [base.py(calculate_slider_position:69)] - 正在获取计算验证码滑块位置
2026-01-09 15:28:22,164 INFO [page_center_login.py(_retry_captcha_until_login_success:58)] - 第 1 次验证码处理失败：未识别到滑块位置
2026-01-09 15:28:22,164 INFO [base.py(click_element:35)] - 正在对元素：('xpath', '//*[@id="captcha"]/div[2]')执行点击操作
2026-01-09 15:28:22,164 INFO [base.py(find_element:31)] - 正在查找元素：('xpath', '//*[@id="captcha"]/div[2]')
2026-01-09 15:28:23,670 INFO [page_center_login.py(page_click_captcha_refresh:29)] - 验证码已刷新
2026-01-09 15:28:24,685 INFO [page_center_login.py(_retry_captcha_until_login_success:53)] - 
========== 验证码重试：第 2 次 ==========
2026-01-09 15:28:24,685 INFO [base.py(handle_captcha:90)] - 正在处理验证码,获取到验证码画布数据
2026-01-09 15:28:24,752 INFO [base.py(handle_captcha:121)] - 正在计算滑块位置数据
2026-01-09 15:28:24,752 INFO [base.py(calculate_slider_position:69)] - 正在获取计算验证码滑块位置
2026-01-09 15:28:24,760 INFO [page_center_login.py(_retry_captcha_until_login_success:58)] - 第 2 次验证码处理失败：未识别到滑块位置
2026-01-09 15:28:24,760 INFO [base.py(click_element:35)] - 正在对元素：('xpath', '//*[@id="captcha"]/div[2]')执行点击操作
2026-01-09 15:28:24,760 INFO [base.py(find_element:31)] - 正在查找元素：('xpath', '//*[@id="captcha"]/div[2]')
2026-01-09 15:28:25,819 INFO [page_center_login.py(page_click_captcha_refresh:29)] - 验证码已刷新
2026-01-09 15:28:26,832 INFO [page_center_login.py(_retry_captcha_until_login_success:53)] - 
========== 验证码重试：第 3 次 ==========
2026-01-09 15:28:26,832 INFO [base.py(handle_captcha:90)] - 正在处理验证码,获取到验证码画布数据
2026-01-09 15:28:26,875 INFO [base.py(handle_captcha:121)] - 正在计算滑块位置数据
2026-01-09 15:28:26,875 INFO [base.py(calculate_slider_position:69)] - 正在获取计算验证码滑块位置
2026-01-09 15:28:26,881 INFO [page_center_login.py(_retry_captcha_until_login_success:58)] - 第 3 次验证码处理失败：未识别到滑块位置
2026-01-09 15:28:26,882 INFO [base.py(click_element:35)] - 正在对元素：('xpath', '//*[@id="captcha"]/div[2]')执行点击操作
2026-01-09 15:28:26,882 INFO [base.py(find_element:31)] - 正在查找元素：('xpath', '//*[@id="captcha"]/div[2]')
2026-01-09 15:28:27,940 INFO [page_center_login.py(page_click_captcha_refresh:29)] - 验证码已刷新
2026-01-09 15:28:28,949 INFO [page_center_login.py(_retry_captcha_until_login_success:53)] - 
========== 验证码重试：第 4 次 ==========
2026-01-09 15:28:28,949 INFO [base.py(handle_captcha:90)] - 正在处理验证码,获取到验证码画布数据
2026-01-09 15:28:28,997 INFO [base.py(handle_captcha:121)] - 正在计算滑块位置数据
2026-01-09 15:28:28,997 INFO [base.py(calculate_slider_position:69)] - 正在获取计算验证码滑块位置
2026-01-09 15:28:29,012 INFO [base.py(handle_captcha:129)] - 正在获取滑块拖动位置：<selenium.webdriver.remote.webelement.WebElement (session="d3daa32d8959445e368804d552c73691", element="f.6CE084C6CF8799D42E917DF0EEA7B1E5.d.E66D20DCED7E36E44D313EFCC8E0F4A0.e.27")>
2026-01-09 15:28:29,021 INFO [base.py(handle_captcha:132)] - 正在模拟鼠标推动滑块位置
2026-01-09 15:28:32,953 INFO [page_center_login.py(_check_login_success:39)] - ✅ 登录成功：URL已跳转至 http://10.10.200.180:28115/index
2026-01-09 15:28:32,953 INFO [page_center_login.py(_retry_captcha_until_login_success:64)] -  第 4 次验证码尝试：登录成功！
2026-01-09 15:28:32,953 INFO [Test_center_login.py(testlogin:32)] - ✅ 账号【admin】登录成功 → ++++++++++++++++++++++++++++++++++++++++++++++++++++++++++++
